<?xml version="1.0" encoding="UTF-8"?>
<testsuite xmlns:xsi="http://www.w3.org/2001/XMLSchema-instance" xsi:noNamespaceSchemaLocation="https://maven.apache.org/surefire/maven-surefire-plugin/xsd/surefire-test-report.xsd" name="CucumberITTest" time="26.172" tests="1" errors="0" skipped="0" failures="0">
  <properties>
    <property name="sun.desktop" value="windows"/>
    <property name="awt.toolkit" value="sun.awt.windows.WToolkit"/>
    <property name="java.specification.version" value="11"/>
    <property name="sun.cpu.isalist" value="amd64"/>
    <property name="sun.jnu.encoding" value="Cp1252"/>
    <property name="java.class.path" value="C:\Users\Duarte Henriques\Desktop\ES_InterFlight\interFlight\target\test-classes;C:\Users\Duarte Henriques\Desktop\ES_InterFlight\interFlight\target\classes;C:\Users\Duarte Henriques\.m2\repository\org\springframework\boot\spring-boot-starter-web\2.4.5\spring-boot-starter-web-2.4.5.jar;C:\Users\Duarte Henriques\.m2\repository\org\springframework\boot\spring-boot-starter\2.4.5\spring-boot-starter-2.4.5.jar;C:\Users\Duarte Henriques\.m2\repository\org\springframework\boot\spring-boot\2.4.5\spring-boot-2.4.5.jar;C:\Users\Duarte Henriques\.m2\repository\org\springframework\boot\spring-boot-autoconfigure\2.4.5\spring-boot-autoconfigure-2.4.5.jar;C:\Users\Duarte Henriques\.m2\repository\org\springframework\boot\spring-boot-starter-logging\2.4.5\spring-boot-starter-logging-2.4.5.jar;C:\Users\Duarte Henriques\.m2\repository\ch\qos\logback\logback-classic\1.2.3\logback-classic-1.2.3.jar;C:\Users\Duarte Henriques\.m2\repository\ch\qos\logback\logback-core\1.2.3\logback-core-1.2.3.jar;C:\Users\Duarte Henriques\.m2\repository\org\apache\logging\log4j\log4j-to-slf4j\2.13.3\log4j-to-slf4j-2.13.3.jar;C:\Users\Duarte Henriques\.m2\repository\org\slf4j\jul-to-slf4j\1.7.30\jul-to-slf4j-1.7.30.jar;C:\Users\Duarte Henriques\.m2\repository\jakarta\annotation\jakarta.annotation-api\1.3.5\jakarta.annotation-api-1.3.5.jar;C:\Users\Duarte Henriques\.m2\repository\org\yaml\snakeyaml\1.27\snakeyaml-1.27.jar;C:\Users\Duarte Henriques\.m2\repository\org\springframework\boot\spring-boot-starter-json\2.4.5\spring-boot-starter-json-2.4.5.jar;C:\Users\Duarte Henriques\.m2\repository\com\fasterxml\jackson\datatype\jackson-datatype-jdk8\2.11.4\jackson-datatype-jdk8-2.11.4.jar;C:\Users\Duarte Henriques\.m2\repository\com\fasterxml\jackson\datatype\jackson-datatype-jsr310\2.11.4\jackson-datatype-jsr310-2.11.4.jar;C:\Users\Duarte Henriques\.m2\repository\com\fasterxml\jackson\module\jackson-module-parameter-names\2.11.4\jackson-module-parameter-names-2.11.4.jar;C:\Users\Duarte Henriques\.m2\repository\org\springframework\boot\spring-boot-starter-tomcat\2.4.5\spring-boot-starter-tomcat-2.4.5.jar;C:\Users\Duarte Henriques\.m2\repository\org\apache\tomcat\embed\tomcat-embed-core\9.0.45\tomcat-embed-core-9.0.45.jar;C:\Users\Duarte Henriques\.m2\repository\org\glassfish\jakarta.el\3.0.3\jakarta.el-3.0.3.jar;C:\Users\Duarte Henriques\.m2\repository\org\apache\tomcat\embed\tomcat-embed-websocket\9.0.45\tomcat-embed-websocket-9.0.45.jar;C:\Users\Duarte Henriques\.m2\repository\org\springframework\spring-web\5.3.6\spring-web-5.3.6.jar;C:\Users\Duarte Henriques\.m2\repository\org\springframework\spring-webmvc\5.3.6\spring-webmvc-5.3.6.jar;C:\Users\Duarte Henriques\.m2\repository\org\springframework\spring-aop\5.3.6\spring-aop-5.3.6.jar;C:\Users\Duarte Henriques\.m2\repository\org\springframework\spring-expression\5.3.6\spring-expression-5.3.6.jar;C:\Users\Duarte Henriques\.m2\repository\org\postgresql\postgresql\42.2.16\postgresql-42.2.16.jar;C:\Users\Duarte Henriques\.m2\repository\org\checkerframework\checker-qual\3.5.0\checker-qual-3.5.0.jar;C:\Users\Duarte Henriques\.m2\repository\org\springframework\boot\spring-boot-starter-test\2.4.5\spring-boot-starter-test-2.4.5.jar;C:\Users\Duarte Henriques\.m2\repository\org\springframework\boot\spring-boot-test\2.4.5\spring-boot-test-2.4.5.jar;C:\Users\Duarte Henriques\.m2\repository\org\springframework\boot\spring-boot-test-autoconfigure\2.4.5\spring-boot-test-autoconfigure-2.4.5.jar;C:\Users\Duarte Henriques\.m2\repository\com\jayway\jsonpath\json-path\2.4.0\json-path-2.4.0.jar;C:\Users\Duarte Henriques\.m2\repository\net\minidev\json-smart\2.3\json-smart-2.3.jar;C:\Users\Duarte Henriques\.m2\repository\net\minidev\accessors-smart\1.2\accessors-smart-1.2.jar;C:\Users\Duarte Henriques\.m2\repository\org\ow2\asm\asm\5.0.4\asm-5.0.4.jar;C:\Users\Duarte Henriques\.m2\repository\org\slf4j\slf4j-api\1.7.30\slf4j-api-1.7.30.jar;C:\Users\Duarte Henriques\.m2\repository\jakarta\xml\bind\jakarta.xml.bind-api\2.3.3\jakarta.xml.bind-api-2.3.3.jar;C:\Users\Duarte Henriques\.m2\repository\jakarta\activation\jakarta.activation-api\1.2.2\jakarta.activation-api-1.2.2.jar;C:\Users\Duarte Henriques\.m2\repository\org\assertj\assertj-core\3.18.1\assertj-core-3.18.1.jar;C:\Users\Duarte Henriques\.m2\repository\org\hamcrest\hamcrest\2.2\hamcrest-2.2.jar;C:\Users\Duarte Henriques\.m2\repository\org\junit\jupiter\junit-jupiter\5.7.1\junit-jupiter-5.7.1.jar;C:\Users\Duarte Henriques\.m2\repository\org\junit\jupiter\junit-jupiter-params\5.7.1\junit-jupiter-params-5.7.1.jar;C:\Users\Duarte Henriques\.m2\repository\org\junit\jupiter\junit-jupiter-engine\5.7.1\junit-jupiter-engine-5.7.1.jar;C:\Users\Duarte Henriques\.m2\repository\org\junit\platform\junit-platform-engine\1.7.1\junit-platform-engine-1.7.1.jar;C:\Users\Duarte Henriques\.m2\repository\org\mockito\mockito-core\3.6.28\mockito-core-3.6.28.jar;C:\Users\Duarte Henriques\.m2\repository\net\bytebuddy\byte-buddy\1.10.22\byte-buddy-1.10.22.jar;C:\Users\Duarte Henriques\.m2\repository\net\bytebuddy\byte-buddy-agent\1.10.22\byte-buddy-agent-1.10.22.jar;C:\Users\Duarte Henriques\.m2\repository\org\objenesis\objenesis\3.1\objenesis-3.1.jar;C:\Users\Duarte Henriques\.m2\repository\org\mockito\mockito-junit-jupiter\3.6.28\mockito-junit-jupiter-3.6.28.jar;C:\Users\Duarte Henriques\.m2\repository\org\skyscreamer\jsonassert\1.5.0\jsonassert-1.5.0.jar;C:\Users\Duarte Henriques\.m2\repository\com\vaadin\external\google\android-json\0.0.20131108.vaadin1\android-json-0.0.20131108.vaadin1.jar;C:\Users\Duarte Henriques\.m2\repository\org\springframework\spring-core\5.3.6\spring-core-5.3.6.jar;C:\Users\Duarte Henriques\.m2\repository\org\springframework\spring-jcl\5.3.6\spring-jcl-5.3.6.jar;C:\Users\Duarte Henriques\.m2\repository\org\springframework\spring-test\5.3.6\spring-test-5.3.6.jar;C:\Users\Duarte Henriques\.m2\repository\org\xmlunit\xmlunit-core\2.7.0\xmlunit-core-2.7.0.jar;C:\Users\Duarte Henriques\.m2\repository\org\springframework\kafka\spring-kafka-test\2.6.7\spring-kafka-test-2.6.7.jar;C:\Users\Duarte Henriques\.m2\repository\org\springframework\spring-context\5.3.6\spring-context-5.3.6.jar;C:\Users\Duarte Henriques\.m2\repository\org\springframework\retry\spring-retry\1.3.1\spring-retry-1.3.1.jar;C:\Users\Duarte Henriques\.m2\repository\javax\annotation\javax.annotation-api\1.3.2\javax.annotation-api-1.3.2.jar;C:\Users\Duarte Henriques\.m2\repository\org\apache\kafka\kafka-clients\2.6.1\kafka-clients-2.6.1-test.jar;C:\Users\Duarte Henriques\.m2\repository\com\github\luben\zstd-jni\1.4.4-7\zstd-jni-1.4.4-7.jar;C:\Users\Duarte Henriques\.m2\repository\org\lz4\lz4-java\1.7.1\lz4-java-1.7.1.jar;C:\Users\Duarte Henriques\.m2\repository\org\xerial\snappy\snappy-java\1.1.7.3\snappy-java-1.1.7.3.jar;C:\Users\Duarte Henriques\.m2\repository\org\apache\kafka\kafka-streams\2.6.0\kafka-streams-2.6.0.jar;C:\Users\Duarte Henriques\.m2\repository\org\apache\kafka\connect-json\2.6.0\connect-json-2.6.0.jar;C:\Users\Duarte Henriques\.m2\repository\org\apache\kafka\connect-api\2.6.0\connect-api-2.6.0.jar;C:\Users\Duarte Henriques\.m2\repository\org\rocksdb\rocksdbjni\5.18.4\rocksdbjni-5.18.4.jar;C:\Users\Duarte Henriques\.m2\repository\org\apache\kafka\kafka-streams-test-utils\2.6.0\kafka-streams-test-utils-2.6.0.jar;C:\Users\Duarte Henriques\.m2\repository\org\apache\kafka\kafka_2.13\2.6.0\kafka_2.13-2.6.0.jar;C:\Users\Duarte Henriques\.m2\repository\com\fasterxml\jackson\module\jackson-module-scala_2.13\2.11.4\jackson-module-scala_2.13-2.11.4.jar;C:\Users\Duarte Henriques\.m2\repository\com\fasterxml\jackson\module\jackson-module-paranamer\2.11.4\jackson-module-paranamer-2.11.4.jar;C:\Users\Duarte Henriques\.m2\repository\com\thoughtworks\paranamer\paranamer\2.8\paranamer-2.8.jar;C:\Users\Duarte Henriques\.m2\repository\com\fasterxml\jackson\dataformat\jackson-dataformat-csv\2.11.4\jackson-dataformat-csv-2.11.4.jar;C:\Users\Duarte Henriques\.m2\repository\net\sf\jopt-simple\jopt-simple\5.0.4\jopt-simple-5.0.4.jar;C:\Users\Duarte Henriques\.m2\repository\com\yammer\metrics\metrics-core\2.2.0\metrics-core-2.2.0.jar;C:\Users\Duarte Henriques\.m2\repository\org\scala-lang\modules\scala-collection-compat_2.13\2.1.6\scala-collection-compat_2.13-2.1.6.jar;C:\Users\Duarte Henriques\.m2\repository\org\scala-lang\modules\scala-java8-compat_2.13\0.9.1\scala-java8-compat_2.13-0.9.1.jar;C:\Users\Duarte Henriques\.m2\repository\org\scala-lang\scala-library\2.13.2\scala-library-2.13.2.jar;C:\Users\Duarte Henriques\.m2\repository\org\scala-lang\scala-reflect\2.13.2\scala-reflect-2.13.2.jar;C:\Users\Duarte Henriques\.m2\repository\com\typesafe\scala-logging\scala-logging_2.13\3.9.2\scala-logging_2.13-3.9.2.jar;C:\Users\Duarte Henriques\.m2\repository\org\apache\zookeeper\zookeeper\3.5.8\zookeeper-3.5.8.jar;C:\Users\Duarte Henriques\.m2\repository\org\apache\zookeeper\zookeeper-jute\3.5.8\zookeeper-jute-3.5.8.jar;C:\Users\Duarte Henriques\.m2\repository\org\apache\yetus\audience-annotations\0.5.0\audience-annotations-0.5.0.jar;C:\Users\Duarte Henriques\.m2\repository\io\netty\netty-handler\4.1.63.Final\netty-handler-4.1.63.Final.jar;C:\Users\Duarte Henriques\.m2\repository\io\netty\netty-common\4.1.63.Final\netty-common-4.1.63.Final.jar;C:\Users\Duarte Henriques\.m2\repository\io\netty\netty-resolver\4.1.63.Final\netty-resolver-4.1.63.Final.jar;C:\Users\Duarte Henriques\.m2\repository\io\netty\netty-buffer\4.1.63.Final\netty-buffer-4.1.63.Final.jar;C:\Users\Duarte Henriques\.m2\repository\io\netty\netty-transport\4.1.63.Final\netty-transport-4.1.63.Final.jar;C:\Users\Duarte Henriques\.m2\repository\io\netty\netty-codec\4.1.63.Final\netty-codec-4.1.63.Final.jar;C:\Users\Duarte Henriques\.m2\repository\io\netty\netty-transport-native-epoll\4.1.63.Final\netty-transport-native-epoll-4.1.63.Final.jar;C:\Users\Duarte Henriques\.m2\repository\io\netty\netty-transport-native-unix-common\4.1.63.Final\netty-transport-native-unix-common-4.1.63.Final.jar;C:\Users\Duarte Henriques\.m2\repository\commons-cli\commons-cli\1.4\commons-cli-1.4.jar;C:\Users\Duarte Henriques\.m2\repository\org\apache\kafka\kafka_2.13\2.6.1\kafka_2.13-2.6.1-test.jar;C:\Users\Duarte Henriques\.m2\repository\org\junit\jupiter\junit-jupiter-api\5.7.1\junit-jupiter-api-5.7.1.jar;C:\Users\Duarte Henriques\.m2\repository\org\opentest4j\opentest4j\1.2.0\opentest4j-1.2.0.jar;C:\Users\Duarte Henriques\.m2\repository\org\junit\platform\junit-platform-commons\1.7.1\junit-platform-commons-1.7.1.jar;C:\Users\Duarte Henriques\.m2\repository\org\springframework\boot\spring-boot-starter-data-jpa\2.4.5\spring-boot-starter-data-jpa-2.4.5.jar;C:\Users\Duarte Henriques\.m2\repository\org\springframework\boot\spring-boot-starter-aop\2.4.5\spring-boot-starter-aop-2.4.5.jar;C:\Users\Duarte Henriques\.m2\repository\org\aspectj\aspectjweaver\1.9.6\aspectjweaver-1.9.6.jar;C:\Users\Duarte Henriques\.m2\repository\org\springframework\boot\spring-boot-starter-jdbc\2.4.5\spring-boot-starter-jdbc-2.4.5.jar;C:\Users\Duarte Henriques\.m2\repository\com\zaxxer\HikariCP\3.4.5\HikariCP-3.4.5.jar;C:\Users\Duarte Henriques\.m2\repository\org\springframework\spring-jdbc\5.3.6\spring-jdbc-5.3.6.jar;C:\Users\Duarte Henriques\.m2\repository\jakarta\transaction\jakarta.transaction-api\1.3.3\jakarta.transaction-api-1.3.3.jar;C:\Users\Duarte Henriques\.m2\repository\jakarta\persistence\jakarta.persistence-api\2.2.3\jakarta.persistence-api-2.2.3.jar;C:\Users\Duarte Henriques\.m2\repository\org\hibernate\hibernate-core\5.4.30.Final\hibernate-core-5.4.30.Final.jar;C:\Users\Duarte Henriques\.m2\repository\org\jboss\logging\jboss-logging\3.4.1.Final\jboss-logging-3.4.1.Final.jar;C:\Users\Duarte Henriques\.m2\repository\org\javassist\javassist\3.27.0-GA\javassist-3.27.0-GA.jar;C:\Users\Duarte Henriques\.m2\repository\antlr\antlr\2.7.7\antlr-2.7.7.jar;C:\Users\Duarte Henriques\.m2\repository\org\jboss\jandex\2.2.3.Final\jandex-2.2.3.Final.jar;C:\Users\Duarte Henriques\.m2\repository\com\fasterxml\classmate\1.5.1\classmate-1.5.1.jar;C:\Users\Duarte Henriques\.m2\repository\org\dom4j\dom4j\2.1.3\dom4j-2.1.3.jar;C:\Users\Duarte Henriques\.m2\repository\org\hibernate\common\hibernate-commons-annotations\5.1.2.Final\hibernate-commons-annotations-5.1.2.Final.jar;C:\Users\Duarte Henriques\.m2\repository\org\glassfish\jaxb\jaxb-runtime\2.3.4\jaxb-runtime-2.3.4.jar;C:\Users\Duarte Henriques\.m2\repository\org\glassfish\jaxb\txw2\2.3.4\txw2-2.3.4.jar;C:\Users\Duarte Henriques\.m2\repository\com\sun\istack\istack-commons-runtime\3.0.12\istack-commons-runtime-3.0.12.jar;C:\Users\Duarte Henriques\.m2\repository\com\sun\activation\jakarta.activation\1.2.2\jakarta.activation-1.2.2.jar;C:\Users\Duarte Henriques\.m2\repository\org\springframework\data\spring-data-jpa\2.4.8\spring-data-jpa-2.4.8.jar;C:\Users\Duarte Henriques\.m2\repository\org\springframework\data\spring-data-commons\2.4.8\spring-data-commons-2.4.8.jar;C:\Users\Duarte Henriques\.m2\repository\org\springframework\spring-orm\5.3.6\spring-orm-5.3.6.jar;C:\Users\Duarte Henriques\.m2\repository\org\springframework\spring-aspects\5.3.6\spring-aspects-5.3.6.jar;C:\Users\Duarte Henriques\.m2\repository\org\springframework\kafka\spring-kafka\2.6.7\spring-kafka-2.6.7.jar;C:\Users\Duarte Henriques\.m2\repository\org\springframework\spring-messaging\5.3.6\spring-messaging-5.3.6.jar;C:\Users\Duarte Henriques\.m2\repository\org\springframework\spring-tx\5.3.6\spring-tx-5.3.6.jar;C:\Users\Duarte Henriques\.m2\repository\org\apache\kafka\kafka-clients\2.6.0\kafka-clients-2.6.0.jar;C:\Users\Duarte Henriques\.m2\repository\org\apache\logging\log4j\log4j-api\2.6.1\log4j-api-2.6.1.jar;C:\Users\Duarte Henriques\.m2\repository\org\apache\logging\log4j\log4j-core\2.6.1\log4j-core-2.6.1.jar;C:\Users\Duarte Henriques\.m2\repository\com\fasterxml\jackson\core\jackson-databind\2.11.4\jackson-databind-2.11.4.jar;C:\Users\Duarte Henriques\.m2\repository\com\fasterxml\jackson\core\jackson-annotations\2.11.4\jackson-annotations-2.11.4.jar;C:\Users\Duarte Henriques\.m2\repository\com\fasterxml\jackson\core\jackson-core\2.11.4\jackson-core-2.11.4.jar;C:\Users\Duarte Henriques\.m2\repository\org\eclipse\persistence\org.eclipse.persistence.core\2.7.7\org.eclipse.persistence.core-2.7.7.jar;C:\Users\Duarte Henriques\.m2\repository\org\eclipse\persistence\org.eclipse.persistence.asm\2.7.7\org.eclipse.persistence.asm-2.7.7.jar;C:\Users\Duarte Henriques\.m2\repository\org\eclipse\persistence\org.eclipse.persistence.antlr\2.7.7\org.eclipse.persistence.antlr-2.7.7.jar;C:\Users\Duarte Henriques\.m2\repository\org\eclipse\persistence\org.eclipse.persistence.jpa\2.7.7\org.eclipse.persistence.jpa-2.7.7.jar;C:\Users\Duarte Henriques\.m2\repository\org\eclipse\persistence\jakarta.persistence\2.2.3\jakarta.persistence-2.2.3.jar;C:\Users\Duarte Henriques\.m2\repository\org\eclipse\persistence\org.eclipse.persistence.jpa.jpql\2.7.7\org.eclipse.persistence.jpa.jpql-2.7.7.jar;C:\Users\Duarte Henriques\.m2\repository\org\eclipse\persistence\org.eclipse.persistence.moxy\2.7.7\org.eclipse.persistence.moxy-2.7.7.jar;C:\Users\Duarte Henriques\.m2\repository\org\eclipse\persistence\javax.persistence\2.2.1\javax.persistence-2.2.1.jar;C:\Users\Duarte Henriques\.m2\repository\io\cucumber\cucumber-java\6.0.0\cucumber-java-6.0.0.jar;C:\Users\Duarte Henriques\.m2\repository\io\cucumber\cucumber-core\6.0.0\cucumber-core-6.0.0.jar;C:\Users\Duarte Henriques\.m2\repository\io\cucumber\cucumber-gherkin\6.0.0\cucumber-gherkin-6.0.0.jar;C:\Users\Duarte Henriques\.m2\repository\io\cucumber\cucumber-gherkin-messages\6.0.0\cucumber-gherkin-messages-6.0.0.jar;C:\Users\Duarte Henriques\.m2\repository\io\cucumber\messages\12.1.1\messages-12.1.1.jar;C:\Users\Duarte Henriques\.m2\repository\io\cucumber\tag-expressions\2.0.4\tag-expressions-2.0.4.jar;C:\Users\Duarte Henriques\.m2\repository\io\cucumber\cucumber-expressions\10.2.0\cucumber-expressions-10.2.0.jar;C:\Users\Duarte Henriques\.m2\repository\io\cucumber\datatable\3.3.1\datatable-3.3.1.jar;C:\Users\Duarte Henriques\.m2\repository\io\cucumber\cucumber-plugin\6.0.0\cucumber-plugin-6.0.0.jar;C:\Users\Duarte Henriques\.m2\repository\io\cucumber\docstring\6.0.0\docstring-6.0.0.jar;C:\Users\Duarte Henriques\.m2\repository\io\cucumber\html-formatter\6.0.2\html-formatter-6.0.2.jar;C:\Users\Duarte Henriques\.m2\repository\org\apiguardian\apiguardian-api\1.1.0\apiguardian-api-1.1.0.jar;C:\Users\Duarte Henriques\.m2\repository\io\cucumber\cucumber-junit\6.0.0\cucumber-junit-6.0.0.jar;C:\Users\Duarte Henriques\.m2\repository\io\cucumber\cucumber-spring\6.0.0\cucumber-spring-6.0.0.jar;C:\Users\Duarte Henriques\.m2\repository\junit\junit\4.13.2\junit-4.13.2.jar;C:\Users\Duarte Henriques\.m2\repository\org\hamcrest\hamcrest-core\2.2\hamcrest-core-2.2.jar;C:\Users\Duarte Henriques\.m2\repository\org\springframework\boot\spring-boot-starter-thymeleaf\2.4.5\spring-boot-starter-thymeleaf-2.4.5.jar;C:\Users\Duarte Henriques\.m2\repository\org\thymeleaf\thymeleaf-spring5\3.0.12.RELEASE\thymeleaf-spring5-3.0.12.RELEASE.jar;C:\Users\Duarte Henriques\.m2\repository\org\thymeleaf\thymeleaf\3.0.12.RELEASE\thymeleaf-3.0.12.RELEASE.jar;C:\Users\Duarte Henriques\.m2\repository\org\attoparser\attoparser\2.0.5.RELEASE\attoparser-2.0.5.RELEASE.jar;C:\Users\Duarte Henriques\.m2\repository\org\unbescape\unbescape\1.1.6.RELEASE\unbescape-1.1.6.RELEASE.jar;C:\Users\Duarte Henriques\.m2\repository\org\thymeleaf\extras\thymeleaf-extras-java8time\3.0.4.RELEASE\thymeleaf-extras-java8time-3.0.4.RELEASE.jar;C:\Users\Duarte Henriques\.m2\repository\org\springframework\spring-webflux\5.3.5\spring-webflux-5.3.5.jar;C:\Users\Duarte Henriques\.m2\repository\org\springframework\spring-beans\5.3.6\spring-beans-5.3.6.jar;C:\Users\Duarte Henriques\.m2\repository\io\projectreactor\reactor-core\3.4.5\reactor-core-3.4.5.jar;C:\Users\Duarte Henriques\.m2\repository\org\reactivestreams\reactive-streams\1.0.3\reactive-streams-1.0.3.jar;"/>
    <property name="java.vm.vendor" value="Oracle Corporation"/>
    <property name="sun.arch.data.model" value="64"/>
    <property name="user.variant" value=""/>
    <property name="java.vendor.url" value="http://java.oracle.com/"/>
    <property name="user.timezone" value="Europe/London"/>
    <property name="java.vm.specification.version" value="11"/>
    <property name="os.name" value="Windows 10"/>
    <property name="user.country" value="US"/>
    <property name="sun.java.launcher" value="SUN_STANDARD"/>
    <property name="sun.boot.library.path" value="C:\java\jdk-11\bin"/>
    <property name="sun.java.command" value="C:\Users\DUARTE~1\AppData\Local\Temp\surefire15014787928508087921\surefirebooter15269548176454327962.jar C:\Users\Duarte Henriques\AppData\Local\Temp\surefire15014787928508087921 2021-06-20T22-38-10_775-jvmRun1 surefire14837168273565693576tmp surefire_018174468930170604934tmp"/>
    <property name="jdk.debug" value="release"/>
    <property name="surefire.test.class.path" value="C:\Users\Duarte Henriques\Desktop\ES_InterFlight\interFlight\target\test-classes;C:\Users\Duarte Henriques\Desktop\ES_InterFlight\interFlight\target\classes;C:\Users\Duarte Henriques\.m2\repository\org\springframework\boot\spring-boot-starter-web\2.4.5\spring-boot-starter-web-2.4.5.jar;C:\Users\Duarte Henriques\.m2\repository\org\springframework\boot\spring-boot-starter\2.4.5\spring-boot-starter-2.4.5.jar;C:\Users\Duarte Henriques\.m2\repository\org\springframework\boot\spring-boot\2.4.5\spring-boot-2.4.5.jar;C:\Users\Duarte Henriques\.m2\repository\org\springframework\boot\spring-boot-autoconfigure\2.4.5\spring-boot-autoconfigure-2.4.5.jar;C:\Users\Duarte Henriques\.m2\repository\org\springframework\boot\spring-boot-starter-logging\2.4.5\spring-boot-starter-logging-2.4.5.jar;C:\Users\Duarte Henriques\.m2\repository\ch\qos\logback\logback-classic\1.2.3\logback-classic-1.2.3.jar;C:\Users\Duarte Henriques\.m2\repository\ch\qos\logback\logback-core\1.2.3\logback-core-1.2.3.jar;C:\Users\Duarte Henriques\.m2\repository\org\apache\logging\log4j\log4j-to-slf4j\2.13.3\log4j-to-slf4j-2.13.3.jar;C:\Users\Duarte Henriques\.m2\repository\org\slf4j\jul-to-slf4j\1.7.30\jul-to-slf4j-1.7.30.jar;C:\Users\Duarte Henriques\.m2\repository\jakarta\annotation\jakarta.annotation-api\1.3.5\jakarta.annotation-api-1.3.5.jar;C:\Users\Duarte Henriques\.m2\repository\org\yaml\snakeyaml\1.27\snakeyaml-1.27.jar;C:\Users\Duarte Henriques\.m2\repository\org\springframework\boot\spring-boot-starter-json\2.4.5\spring-boot-starter-json-2.4.5.jar;C:\Users\Duarte Henriques\.m2\repository\com\fasterxml\jackson\datatype\jackson-datatype-jdk8\2.11.4\jackson-datatype-jdk8-2.11.4.jar;C:\Users\Duarte Henriques\.m2\repository\com\fasterxml\jackson\datatype\jackson-datatype-jsr310\2.11.4\jackson-datatype-jsr310-2.11.4.jar;C:\Users\Duarte Henriques\.m2\repository\com\fasterxml\jackson\module\jackson-module-parameter-names\2.11.4\jackson-module-parameter-names-2.11.4.jar;C:\Users\Duarte Henriques\.m2\repository\org\springframework\boot\spring-boot-starter-tomcat\2.4.5\spring-boot-starter-tomcat-2.4.5.jar;C:\Users\Duarte Henriques\.m2\repository\org\apache\tomcat\embed\tomcat-embed-core\9.0.45\tomcat-embed-core-9.0.45.jar;C:\Users\Duarte Henriques\.m2\repository\org\glassfish\jakarta.el\3.0.3\jakarta.el-3.0.3.jar;C:\Users\Duarte Henriques\.m2\repository\org\apache\tomcat\embed\tomcat-embed-websocket\9.0.45\tomcat-embed-websocket-9.0.45.jar;C:\Users\Duarte Henriques\.m2\repository\org\springframework\spring-web\5.3.6\spring-web-5.3.6.jar;C:\Users\Duarte Henriques\.m2\repository\org\springframework\spring-webmvc\5.3.6\spring-webmvc-5.3.6.jar;C:\Users\Duarte Henriques\.m2\repository\org\springframework\spring-aop\5.3.6\spring-aop-5.3.6.jar;C:\Users\Duarte Henriques\.m2\repository\org\springframework\spring-expression\5.3.6\spring-expression-5.3.6.jar;C:\Users\Duarte Henriques\.m2\repository\org\postgresql\postgresql\42.2.16\postgresql-42.2.16.jar;C:\Users\Duarte Henriques\.m2\repository\org\checkerframework\checker-qual\3.5.0\checker-qual-3.5.0.jar;C:\Users\Duarte Henriques\.m2\repository\org\springframework\boot\spring-boot-starter-test\2.4.5\spring-boot-starter-test-2.4.5.jar;C:\Users\Duarte Henriques\.m2\repository\org\springframework\boot\spring-boot-test\2.4.5\spring-boot-test-2.4.5.jar;C:\Users\Duarte Henriques\.m2\repository\org\springframework\boot\spring-boot-test-autoconfigure\2.4.5\spring-boot-test-autoconfigure-2.4.5.jar;C:\Users\Duarte Henriques\.m2\repository\com\jayway\jsonpath\json-path\2.4.0\json-path-2.4.0.jar;C:\Users\Duarte Henriques\.m2\repository\net\minidev\json-smart\2.3\json-smart-2.3.jar;C:\Users\Duarte Henriques\.m2\repository\net\minidev\accessors-smart\1.2\accessors-smart-1.2.jar;C:\Users\Duarte Henriques\.m2\repository\org\ow2\asm\asm\5.0.4\asm-5.0.4.jar;C:\Users\Duarte Henriques\.m2\repository\org\slf4j\slf4j-api\1.7.30\slf4j-api-1.7.30.jar;C:\Users\Duarte Henriques\.m2\repository\jakarta\xml\bind\jakarta.xml.bind-api\2.3.3\jakarta.xml.bind-api-2.3.3.jar;C:\Users\Duarte Henriques\.m2\repository\jakarta\activation\jakarta.activation-api\1.2.2\jakarta.activation-api-1.2.2.jar;C:\Users\Duarte Henriques\.m2\repository\org\assertj\assertj-core\3.18.1\assertj-core-3.18.1.jar;C:\Users\Duarte Henriques\.m2\repository\org\hamcrest\hamcrest\2.2\hamcrest-2.2.jar;C:\Users\Duarte Henriques\.m2\repository\org\junit\jupiter\junit-jupiter\5.7.1\junit-jupiter-5.7.1.jar;C:\Users\Duarte Henriques\.m2\repository\org\junit\jupiter\junit-jupiter-params\5.7.1\junit-jupiter-params-5.7.1.jar;C:\Users\Duarte Henriques\.m2\repository\org\junit\jupiter\junit-jupiter-engine\5.7.1\junit-jupiter-engine-5.7.1.jar;C:\Users\Duarte Henriques\.m2\repository\org\junit\platform\junit-platform-engine\1.7.1\junit-platform-engine-1.7.1.jar;C:\Users\Duarte Henriques\.m2\repository\org\mockito\mockito-core\3.6.28\mockito-core-3.6.28.jar;C:\Users\Duarte Henriques\.m2\repository\net\bytebuddy\byte-buddy\1.10.22\byte-buddy-1.10.22.jar;C:\Users\Duarte Henriques\.m2\repository\net\bytebuddy\byte-buddy-agent\1.10.22\byte-buddy-agent-1.10.22.jar;C:\Users\Duarte Henriques\.m2\repository\org\objenesis\objenesis\3.1\objenesis-3.1.jar;C:\Users\Duarte Henriques\.m2\repository\org\mockito\mockito-junit-jupiter\3.6.28\mockito-junit-jupiter-3.6.28.jar;C:\Users\Duarte Henriques\.m2\repository\org\skyscreamer\jsonassert\1.5.0\jsonassert-1.5.0.jar;C:\Users\Duarte Henriques\.m2\repository\com\vaadin\external\google\android-json\0.0.20131108.vaadin1\android-json-0.0.20131108.vaadin1.jar;C:\Users\Duarte Henriques\.m2\repository\org\springframework\spring-core\5.3.6\spring-core-5.3.6.jar;C:\Users\Duarte Henriques\.m2\repository\org\springframework\spring-jcl\5.3.6\spring-jcl-5.3.6.jar;C:\Users\Duarte Henriques\.m2\repository\org\springframework\spring-test\5.3.6\spring-test-5.3.6.jar;C:\Users\Duarte Henriques\.m2\repository\org\xmlunit\xmlunit-core\2.7.0\xmlunit-core-2.7.0.jar;C:\Users\Duarte Henriques\.m2\repository\org\springframework\kafka\spring-kafka-test\2.6.7\spring-kafka-test-2.6.7.jar;C:\Users\Duarte Henriques\.m2\repository\org\springframework\spring-context\5.3.6\spring-context-5.3.6.jar;C:\Users\Duarte Henriques\.m2\repository\org\springframework\retry\spring-retry\1.3.1\spring-retry-1.3.1.jar;C:\Users\Duarte Henriques\.m2\repository\javax\annotation\javax.annotation-api\1.3.2\javax.annotation-api-1.3.2.jar;C:\Users\Duarte Henriques\.m2\repository\org\apache\kafka\kafka-clients\2.6.1\kafka-clients-2.6.1-test.jar;C:\Users\Duarte Henriques\.m2\repository\com\github\luben\zstd-jni\1.4.4-7\zstd-jni-1.4.4-7.jar;C:\Users\Duarte Henriques\.m2\repository\org\lz4\lz4-java\1.7.1\lz4-java-1.7.1.jar;C:\Users\Duarte Henriques\.m2\repository\org\xerial\snappy\snappy-java\1.1.7.3\snappy-java-1.1.7.3.jar;C:\Users\Duarte Henriques\.m2\repository\org\apache\kafka\kafka-streams\2.6.0\kafka-streams-2.6.0.jar;C:\Users\Duarte Henriques\.m2\repository\org\apache\kafka\connect-json\2.6.0\connect-json-2.6.0.jar;C:\Users\Duarte Henriques\.m2\repository\org\apache\kafka\connect-api\2.6.0\connect-api-2.6.0.jar;C:\Users\Duarte Henriques\.m2\repository\org\rocksdb\rocksdbjni\5.18.4\rocksdbjni-5.18.4.jar;C:\Users\Duarte Henriques\.m2\repository\org\apache\kafka\kafka-streams-test-utils\2.6.0\kafka-streams-test-utils-2.6.0.jar;C:\Users\Duarte Henriques\.m2\repository\org\apache\kafka\kafka_2.13\2.6.0\kafka_2.13-2.6.0.jar;C:\Users\Duarte Henriques\.m2\repository\com\fasterxml\jackson\module\jackson-module-scala_2.13\2.11.4\jackson-module-scala_2.13-2.11.4.jar;C:\Users\Duarte Henriques\.m2\repository\com\fasterxml\jackson\module\jackson-module-paranamer\2.11.4\jackson-module-paranamer-2.11.4.jar;C:\Users\Duarte Henriques\.m2\repository\com\thoughtworks\paranamer\paranamer\2.8\paranamer-2.8.jar;C:\Users\Duarte Henriques\.m2\repository\com\fasterxml\jackson\dataformat\jackson-dataformat-csv\2.11.4\jackson-dataformat-csv-2.11.4.jar;C:\Users\Duarte Henriques\.m2\repository\net\sf\jopt-simple\jopt-simple\5.0.4\jopt-simple-5.0.4.jar;C:\Users\Duarte Henriques\.m2\repository\com\yammer\metrics\metrics-core\2.2.0\metrics-core-2.2.0.jar;C:\Users\Duarte Henriques\.m2\repository\org\scala-lang\modules\scala-collection-compat_2.13\2.1.6\scala-collection-compat_2.13-2.1.6.jar;C:\Users\Duarte Henriques\.m2\repository\org\scala-lang\modules\scala-java8-compat_2.13\0.9.1\scala-java8-compat_2.13-0.9.1.jar;C:\Users\Duarte Henriques\.m2\repository\org\scala-lang\scala-library\2.13.2\scala-library-2.13.2.jar;C:\Users\Duarte Henriques\.m2\repository\org\scala-lang\scala-reflect\2.13.2\scala-reflect-2.13.2.jar;C:\Users\Duarte Henriques\.m2\repository\com\typesafe\scala-logging\scala-logging_2.13\3.9.2\scala-logging_2.13-3.9.2.jar;C:\Users\Duarte Henriques\.m2\repository\org\apache\zookeeper\zookeeper\3.5.8\zookeeper-3.5.8.jar;C:\Users\Duarte Henriques\.m2\repository\org\apache\zookeeper\zookeeper-jute\3.5.8\zookeeper-jute-3.5.8.jar;C:\Users\Duarte Henriques\.m2\repository\org\apache\yetus\audience-annotations\0.5.0\audience-annotations-0.5.0.jar;C:\Users\Duarte Henriques\.m2\repository\io\netty\netty-handler\4.1.63.Final\netty-handler-4.1.63.Final.jar;C:\Users\Duarte Henriques\.m2\repository\io\netty\netty-common\4.1.63.Final\netty-common-4.1.63.Final.jar;C:\Users\Duarte Henriques\.m2\repository\io\netty\netty-resolver\4.1.63.Final\netty-resolver-4.1.63.Final.jar;C:\Users\Duarte Henriques\.m2\repository\io\netty\netty-buffer\4.1.63.Final\netty-buffer-4.1.63.Final.jar;C:\Users\Duarte Henriques\.m2\repository\io\netty\netty-transport\4.1.63.Final\netty-transport-4.1.63.Final.jar;C:\Users\Duarte Henriques\.m2\repository\io\netty\netty-codec\4.1.63.Final\netty-codec-4.1.63.Final.jar;C:\Users\Duarte Henriques\.m2\repository\io\netty\netty-transport-native-epoll\4.1.63.Final\netty-transport-native-epoll-4.1.63.Final.jar;C:\Users\Duarte Henriques\.m2\repository\io\netty\netty-transport-native-unix-common\4.1.63.Final\netty-transport-native-unix-common-4.1.63.Final.jar;C:\Users\Duarte Henriques\.m2\repository\commons-cli\commons-cli\1.4\commons-cli-1.4.jar;C:\Users\Duarte Henriques\.m2\repository\org\apache\kafka\kafka_2.13\2.6.1\kafka_2.13-2.6.1-test.jar;C:\Users\Duarte Henriques\.m2\repository\org\junit\jupiter\junit-jupiter-api\5.7.1\junit-jupiter-api-5.7.1.jar;C:\Users\Duarte Henriques\.m2\repository\org\opentest4j\opentest4j\1.2.0\opentest4j-1.2.0.jar;C:\Users\Duarte Henriques\.m2\repository\org\junit\platform\junit-platform-commons\1.7.1\junit-platform-commons-1.7.1.jar;C:\Users\Duarte Henriques\.m2\repository\org\springframework\boot\spring-boot-starter-data-jpa\2.4.5\spring-boot-starter-data-jpa-2.4.5.jar;C:\Users\Duarte Henriques\.m2\repository\org\springframework\boot\spring-boot-starter-aop\2.4.5\spring-boot-starter-aop-2.4.5.jar;C:\Users\Duarte Henriques\.m2\repository\org\aspectj\aspectjweaver\1.9.6\aspectjweaver-1.9.6.jar;C:\Users\Duarte Henriques\.m2\repository\org\springframework\boot\spring-boot-starter-jdbc\2.4.5\spring-boot-starter-jdbc-2.4.5.jar;C:\Users\Duarte Henriques\.m2\repository\com\zaxxer\HikariCP\3.4.5\HikariCP-3.4.5.jar;C:\Users\Duarte Henriques\.m2\repository\org\springframework\spring-jdbc\5.3.6\spring-jdbc-5.3.6.jar;C:\Users\Duarte Henriques\.m2\repository\jakarta\transaction\jakarta.transaction-api\1.3.3\jakarta.transaction-api-1.3.3.jar;C:\Users\Duarte Henriques\.m2\repository\jakarta\persistence\jakarta.persistence-api\2.2.3\jakarta.persistence-api-2.2.3.jar;C:\Users\Duarte Henriques\.m2\repository\org\hibernate\hibernate-core\5.4.30.Final\hibernate-core-5.4.30.Final.jar;C:\Users\Duarte Henriques\.m2\repository\org\jboss\logging\jboss-logging\3.4.1.Final\jboss-logging-3.4.1.Final.jar;C:\Users\Duarte Henriques\.m2\repository\org\javassist\javassist\3.27.0-GA\javassist-3.27.0-GA.jar;C:\Users\Duarte Henriques\.m2\repository\antlr\antlr\2.7.7\antlr-2.7.7.jar;C:\Users\Duarte Henriques\.m2\repository\org\jboss\jandex\2.2.3.Final\jandex-2.2.3.Final.jar;C:\Users\Duarte Henriques\.m2\repository\com\fasterxml\classmate\1.5.1\classmate-1.5.1.jar;C:\Users\Duarte Henriques\.m2\repository\org\dom4j\dom4j\2.1.3\dom4j-2.1.3.jar;C:\Users\Duarte Henriques\.m2\repository\org\hibernate\common\hibernate-commons-annotations\5.1.2.Final\hibernate-commons-annotations-5.1.2.Final.jar;C:\Users\Duarte Henriques\.m2\repository\org\glassfish\jaxb\jaxb-runtime\2.3.4\jaxb-runtime-2.3.4.jar;C:\Users\Duarte Henriques\.m2\repository\org\glassfish\jaxb\txw2\2.3.4\txw2-2.3.4.jar;C:\Users\Duarte Henriques\.m2\repository\com\sun\istack\istack-commons-runtime\3.0.12\istack-commons-runtime-3.0.12.jar;C:\Users\Duarte Henriques\.m2\repository\com\sun\activation\jakarta.activation\1.2.2\jakarta.activation-1.2.2.jar;C:\Users\Duarte Henriques\.m2\repository\org\springframework\data\spring-data-jpa\2.4.8\spring-data-jpa-2.4.8.jar;C:\Users\Duarte Henriques\.m2\repository\org\springframework\data\spring-data-commons\2.4.8\spring-data-commons-2.4.8.jar;C:\Users\Duarte Henriques\.m2\repository\org\springframework\spring-orm\5.3.6\spring-orm-5.3.6.jar;C:\Users\Duarte Henriques\.m2\repository\org\springframework\spring-aspects\5.3.6\spring-aspects-5.3.6.jar;C:\Users\Duarte Henriques\.m2\repository\org\springframework\kafka\spring-kafka\2.6.7\spring-kafka-2.6.7.jar;C:\Users\Duarte Henriques\.m2\repository\org\springframework\spring-messaging\5.3.6\spring-messaging-5.3.6.jar;C:\Users\Duarte Henriques\.m2\repository\org\springframework\spring-tx\5.3.6\spring-tx-5.3.6.jar;C:\Users\Duarte Henriques\.m2\repository\org\apache\kafka\kafka-clients\2.6.0\kafka-clients-2.6.0.jar;C:\Users\Duarte Henriques\.m2\repository\org\apache\logging\log4j\log4j-api\2.6.1\log4j-api-2.6.1.jar;C:\Users\Duarte Henriques\.m2\repository\org\apache\logging\log4j\log4j-core\2.6.1\log4j-core-2.6.1.jar;C:\Users\Duarte Henriques\.m2\repository\com\fasterxml\jackson\core\jackson-databind\2.11.4\jackson-databind-2.11.4.jar;C:\Users\Duarte Henriques\.m2\repository\com\fasterxml\jackson\core\jackson-annotations\2.11.4\jackson-annotations-2.11.4.jar;C:\Users\Duarte Henriques\.m2\repository\com\fasterxml\jackson\core\jackson-core\2.11.4\jackson-core-2.11.4.jar;C:\Users\Duarte Henriques\.m2\repository\org\eclipse\persistence\org.eclipse.persistence.core\2.7.7\org.eclipse.persistence.core-2.7.7.jar;C:\Users\Duarte Henriques\.m2\repository\org\eclipse\persistence\org.eclipse.persistence.asm\2.7.7\org.eclipse.persistence.asm-2.7.7.jar;C:\Users\Duarte Henriques\.m2\repository\org\eclipse\persistence\org.eclipse.persistence.antlr\2.7.7\org.eclipse.persistence.antlr-2.7.7.jar;C:\Users\Duarte Henriques\.m2\repository\org\eclipse\persistence\org.eclipse.persistence.jpa\2.7.7\org.eclipse.persistence.jpa-2.7.7.jar;C:\Users\Duarte Henriques\.m2\repository\org\eclipse\persistence\jakarta.persistence\2.2.3\jakarta.persistence-2.2.3.jar;C:\Users\Duarte Henriques\.m2\repository\org\eclipse\persistence\org.eclipse.persistence.jpa.jpql\2.7.7\org.eclipse.persistence.jpa.jpql-2.7.7.jar;C:\Users\Duarte Henriques\.m2\repository\org\eclipse\persistence\org.eclipse.persistence.moxy\2.7.7\org.eclipse.persistence.moxy-2.7.7.jar;C:\Users\Duarte Henriques\.m2\repository\org\eclipse\persistence\javax.persistence\2.2.1\javax.persistence-2.2.1.jar;C:\Users\Duarte Henriques\.m2\repository\io\cucumber\cucumber-java\6.0.0\cucumber-java-6.0.0.jar;C:\Users\Duarte Henriques\.m2\repository\io\cucumber\cucumber-core\6.0.0\cucumber-core-6.0.0.jar;C:\Users\Duarte Henriques\.m2\repository\io\cucumber\cucumber-gherkin\6.0.0\cucumber-gherkin-6.0.0.jar;C:\Users\Duarte Henriques\.m2\repository\io\cucumber\cucumber-gherkin-messages\6.0.0\cucumber-gherkin-messages-6.0.0.jar;C:\Users\Duarte Henriques\.m2\repository\io\cucumber\messages\12.1.1\messages-12.1.1.jar;C:\Users\Duarte Henriques\.m2\repository\io\cucumber\tag-expressions\2.0.4\tag-expressions-2.0.4.jar;C:\Users\Duarte Henriques\.m2\repository\io\cucumber\cucumber-expressions\10.2.0\cucumber-expressions-10.2.0.jar;C:\Users\Duarte Henriques\.m2\repository\io\cucumber\datatable\3.3.1\datatable-3.3.1.jar;C:\Users\Duarte Henriques\.m2\repository\io\cucumber\cucumber-plugin\6.0.0\cucumber-plugin-6.0.0.jar;C:\Users\Duarte Henriques\.m2\repository\io\cucumber\docstring\6.0.0\docstring-6.0.0.jar;C:\Users\Duarte Henriques\.m2\repository\io\cucumber\html-formatter\6.0.2\html-formatter-6.0.2.jar;C:\Users\Duarte Henriques\.m2\repository\org\apiguardian\apiguardian-api\1.1.0\apiguardian-api-1.1.0.jar;C:\Users\Duarte Henriques\.m2\repository\io\cucumber\cucumber-junit\6.0.0\cucumber-junit-6.0.0.jar;C:\Users\Duarte Henriques\.m2\repository\io\cucumber\cucumber-spring\6.0.0\cucumber-spring-6.0.0.jar;C:\Users\Duarte Henriques\.m2\repository\junit\junit\4.13.2\junit-4.13.2.jar;C:\Users\Duarte Henriques\.m2\repository\org\hamcrest\hamcrest-core\2.2\hamcrest-core-2.2.jar;C:\Users\Duarte Henriques\.m2\repository\org\springframework\boot\spring-boot-starter-thymeleaf\2.4.5\spring-boot-starter-thymeleaf-2.4.5.jar;C:\Users\Duarte Henriques\.m2\repository\org\thymeleaf\thymeleaf-spring5\3.0.12.RELEASE\thymeleaf-spring5-3.0.12.RELEASE.jar;C:\Users\Duarte Henriques\.m2\repository\org\thymeleaf\thymeleaf\3.0.12.RELEASE\thymeleaf-3.0.12.RELEASE.jar;C:\Users\Duarte Henriques\.m2\repository\org\attoparser\attoparser\2.0.5.RELEASE\attoparser-2.0.5.RELEASE.jar;C:\Users\Duarte Henriques\.m2\repository\org\unbescape\unbescape\1.1.6.RELEASE\unbescape-1.1.6.RELEASE.jar;C:\Users\Duarte Henriques\.m2\repository\org\thymeleaf\extras\thymeleaf-extras-java8time\3.0.4.RELEASE\thymeleaf-extras-java8time-3.0.4.RELEASE.jar;C:\Users\Duarte Henriques\.m2\repository\org\springframework\spring-webflux\5.3.5\spring-webflux-5.3.5.jar;C:\Users\Duarte Henriques\.m2\repository\org\springframework\spring-beans\5.3.6\spring-beans-5.3.6.jar;C:\Users\Duarte Henriques\.m2\repository\io\projectreactor\reactor-core\3.4.5\reactor-core-3.4.5.jar;C:\Users\Duarte Henriques\.m2\repository\org\reactivestreams\reactive-streams\1.0.3\reactive-streams-1.0.3.jar;"/>
    <property name="sun.cpu.endian" value="little"/>
    <property name="user.home" value="C:\Users\Duarte Henriques"/>
    <property name="user.language" value="en"/>
    <property name="java.specification.vendor" value="Oracle Corporation"/>
    <property name="java.version.date" value="2018-09-25"/>
    <property name="java.home" value="C:\java\jdk-11"/>
    <property name="file.separator" value="\"/>
    <property name="basedir" value="C:\Users\Duarte Henriques\Desktop\ES_InterFlight\interFlight"/>
    <property name="java.vm.compressedOopsMode" value="Zero based"/>
    <property name="line.separator" value="&#10;"/>
    <property name="java.specification.name" value="Java Platform API Specification"/>
    <property name="java.vm.specification.vendor" value="Oracle Corporation"/>
    <property name="java.awt.graphicsenv" value="sun.awt.Win32GraphicsEnvironment"/>
    <property name="surefire.real.class.path" value="C:\Users\DUARTE~1\AppData\Local\Temp\surefire15014787928508087921\surefirebooter15269548176454327962.jar"/>
    <property name="user.script" value=""/>
    <property name="sun.management.compiler" value="HotSpot 64-Bit Tiered Compilers"/>
    <property name="java.runtime.version" value="11+28"/>
    <property name="user.name" value="Duarte Henriques"/>
    <property name="path.separator" value=";"/>
    <property name="os.version" value="10.0"/>
    <property name="java.runtime.name" value="OpenJDK Runtime Environment"/>
    <property name="file.encoding" value="UTF-8"/>
    <property name="java.vm.name" value="OpenJDK 64-Bit Server VM"/>
    <property name="java.vendor.version" value="18.9"/>
    <property name="maven.ext.class.path" value="C:\Program Files\NetBeans-12.2\netbeans\java\maven-nblib\netbeans-eventspy.jar"/>
    <property name="localRepository" value="C:\Users\Duarte Henriques\.m2\repository"/>
    <property name="java.vendor.url.bug" value="http://bugreport.java.com/bugreport/"/>
    <property name="java.io.tmpdir" value="C:\Users\DUARTE~1\AppData\Local\Temp\"/>
    <property name="java.version" value="11"/>
    <property name="user.dir" value="C:\Users\Duarte Henriques\Desktop\ES_InterFlight\interFlight"/>
    <property name="os.arch" value="amd64"/>
    <property name="java.vm.specification.name" value="Java Virtual Machine Specification"/>
    <property name="java.awt.printerjob" value="sun.awt.windows.WPrinterJob"/>
    <property name="sun.os.patch.level" value=""/>
    <property name="java.library.path" value="C:\java\jdk-11\bin;C:\WINDOWS\Sun\Java\bin;C:\WINDOWS\system32;C:\WINDOWS;C:\WINDOWS\system32;C:\WINDOWS;C:\WINDOWS\System32\Wbem;C:\WINDOWS\System32\WindowsPowerShell\v1.0\;C:\WINDOWS\System32\OpenSSH\;C:\Program Files\MATLAB\R2021a\bin;C:\java\jdk-15.0.2\bin;C:\java\jdk-11\bin;C:\java\jdk-9\bin;C:\java\java-se-8u41-ri\bin;C:\Program Files\apache-maven-3.6.3\bin;C:\Program Files\Git\cmd;C:\Program Files\Git\mingw64\bin;C:\Program Files\Git\usr\bin;C:\Program Files\Docker\Docker\resources\bin;C:\ProgramData\DockerDesktop\version-bin;C:\Program Files\nodejs\;C:\Users\Duarte Henriques\AppData\Local\Microsoft\WindowsApps;C:\Users\Duarte Henriques\AppData\Local\Programs\Microsoft VS Code\bin;C:\Users\Duarte Henriques\Desktop\ES\spring-boot-cli-2.4.4-bin\spring-2.4.4\bin;C:\Users\Duarte Henriques\AppData\Local\GitHubDesktop\bin;C:\Users\Duarte Henriques\AppData\Roaming\npm;."/>
    <property name="java.vendor" value="Oracle Corporation"/>
    <property name="java.vm.info" value="mixed mode"/>
    <property name="java.vm.version" value="11+28"/>
    <property name="sun.io.unicode.encoding" value="UnicodeLittle"/>
    <property name="java.class.version" value="55.0"/>
  </properties>
  <testcase name="getPlane" classname="CucumberITTest" time="0.854"/>
</testsuite>